<?xml version="1.0" encoding="UTF-8"?>
<testsuite name="test.java.test.AccountTest" tests="4" skipped="0" failures="0" errors="0" timestamp="2025-09-22T18:28:34.977Z" hostname="MATT_LAPTOP" time="0.058">
  <properties/>
  <testcase name="testWithdrawValidAmount()" classname="test.java.test.AccountTest" time="0.043"/>
  <testcase name="testDepositBlockedAccountThrowsException()" classname="test.java.test.AccountTest" time="0.006"/>
  <testcase name="testWithdrawMoreThanBalanceThrowsException()" classname="test.java.test.AccountTest" time="0.002"/>
  <testcase name="testDepositValidAmount()" classname="test.java.test.AccountTest" time="0.002"/>
  <system-out><![CDATA[]]></system-out>
  <system-err><![CDATA[]]></system-err>
</testsuite>
